00:24:23.685 [background-preinit] INFO  o.h.validator.internal.util.Version - HV000001: Hibernate Validator 8.0.0.Final
00:24:23.723 [main] INFO  o.r.s.c.A.AuctionSystemApplication - Starting AuctionSystemApplication using Java 17.0.7 with PID 59550 (/Users/solnechnaya/Documents/SkyPro_Разработчик_Java/Блок 4. Spring/AuctionSystem/target/classes started by solnechnaya in /Users/solnechnaya/Documents/SkyPro_Разработчик_Java/Блок 4. Spring/AuctionSystem)
00:24:23.724 [main] INFO  o.r.s.c.A.AuctionSystemApplication - No active profile set, falling back to 1 default profile: "default"
00:24:24.503 [main] INFO  o.s.d.r.c.RepositoryConfigurationDelegate - Multiple Spring Data modules found, entering strict repository configuration mode
00:24:24.504 [main] INFO  o.s.d.r.c.RepositoryConfigurationDelegate - Bootstrapping Spring Data JDBC repositories in DEFAULT mode.
00:24:24.535 [main] INFO  o.s.d.r.c.RepositoryConfigurationExtensionSupport - Spring Data JDBC - Could not safely identify store assignment for repository candidate interface org.ru.skypro.coursework.AuctionSystem.repository.BidRepository; If you want this repository to be a JDBC repository, consider annotating your entities with one of these annotations: org.springframework.data.relational.core.mapping.Table.
00:24:24.536 [main] INFO  o.s.d.r.c.RepositoryConfigurationExtensionSupport - Spring Data JDBC - Could not safely identify store assignment for repository candidate interface org.ru.skypro.coursework.AuctionSystem.repository.BidderRepository; If you want this repository to be a JDBC repository, consider annotating your entities with one of these annotations: org.springframework.data.relational.core.mapping.Table.
00:24:24.537 [main] INFO  o.s.d.r.c.RepositoryConfigurationExtensionSupport - Spring Data JDBC - Could not safely identify store assignment for repository candidate interface org.ru.skypro.coursework.AuctionSystem.repository.LotRepository; If you want this repository to be a JDBC repository, consider annotating your entities with one of these annotations: org.springframework.data.relational.core.mapping.Table.
00:24:24.538 [main] INFO  o.s.d.r.c.RepositoryConfigurationExtensionSupport - Spring Data JDBC - Could not safely identify store assignment for repository candidate interface org.ru.skypro.coursework.AuctionSystem.repository.ReportRepository; If you want this repository to be a JDBC repository, consider annotating your entities with one of these annotations: org.springframework.data.relational.core.mapping.Table.
00:24:24.539 [main] INFO  o.s.d.r.c.RepositoryConfigurationExtensionSupport - Spring Data JDBC - Could not safely identify store assignment for repository candidate interface org.ru.skypro.coursework.AuctionSystem.security.UserRepository; If you want this repository to be a JDBC repository, consider annotating your entities with one of these annotations: org.springframework.data.relational.core.mapping.Table.
00:24:24.539 [main] INFO  o.s.d.r.c.RepositoryConfigurationDelegate - Finished Spring Data repository scanning in 31 ms. Found 0 JDBC repository interfaces.
00:24:24.548 [main] INFO  o.s.d.r.c.RepositoryConfigurationDelegate - Multiple Spring Data modules found, entering strict repository configuration mode
00:24:24.549 [main] INFO  o.s.d.r.c.RepositoryConfigurationDelegate - Bootstrapping Spring Data JPA repositories in DEFAULT mode.
00:24:24.586 [main] INFO  o.s.d.r.c.RepositoryConfigurationDelegate - Finished Spring Data repository scanning in 34 ms. Found 5 JPA repository interfaces.
00:24:25.119 [main] INFO  o.s.b.w.e.tomcat.TomcatWebServer - Tomcat initialized with port(s): 8080 (http)
00:24:25.129 [main] INFO  o.a.coyote.http11.Http11NioProtocol - Initializing ProtocolHandler ["http-nio-8080"]
00:24:25.132 [main] INFO  o.a.catalina.core.StandardService - Starting service [Tomcat]
00:24:25.132 [main] INFO  o.a.catalina.core.StandardEngine - Starting Servlet engine: [Apache Tomcat/10.1.10]
00:24:25.229 [main] INFO  o.a.c.c.C.[Tomcat].[localhost].[/] - Initializing Spring embedded WebApplicationContext
00:24:25.229 [main] INFO  o.s.b.w.s.c.ServletWebServerApplicationContext - Root WebApplicationContext: initialization completed in 1467 ms
00:24:25.370 [main] INFO  com.zaxxer.hikari.HikariDataSource - HikariPool-1 - Starting...
00:24:25.544 [main] INFO  com.zaxxer.hikari.pool.HikariPool - HikariPool-1 - Added connection org.postgresql.jdbc.PgConnection@26be9a6
00:24:25.546 [main] INFO  com.zaxxer.hikari.HikariDataSource - HikariPool-1 - Start completed.
00:24:25.715 [main] INFO  liquibase.database - Set default schema name to public
00:24:25.966 [main] INFO  liquibase.changelog - Reading from public.databasechangelog
00:24:25.972 [main] INFO  liquibase.executor - Changelog query completed.
00:24:26.081 [main] INFO  o.h.jpa.internal.util.LogHelper - HHH000204: Processing PersistenceUnitInfo [name: default]
00:24:26.163 [main] INFO  org.hibernate.Version - HHH000412: Hibernate ORM core version 6.2.5.Final
00:24:26.166 [main] INFO  org.hibernate.cfg.Environment - HHH000406: Using bytecode reflection optimizer
00:24:26.358 [main] INFO  o.h.b.i.BytecodeProviderInitiator - HHH000021: Bytecode provider name : bytebuddy
00:24:26.540 [main] INFO  o.s.o.j.p.SpringPersistenceUnitInfo - No LoadTimeWeaver setup: ignoring JPA class transformer
00:24:26.878 [main] INFO  o.h.b.i.BytecodeProviderInitiator - HHH000021: Bytecode provider name : bytebuddy
00:24:27.763 [main] INFO  o.h.e.t.j.p.i.JtaPlatformInitiator - HHH000490: Using JtaPlatform implementation: [org.hibernate.engine.transaction.jta.platform.internal.NoJtaPlatform]
00:24:27.806 [main] INFO  o.s.o.j.LocalContainerEntityManagerFactoryBean - Initialized JPA EntityManagerFactory for persistence unit 'default'
00:24:28.122 [main] INFO  o.s.d.j.r.query.QueryEnhancerFactory - Hibernate is in classpath; If applicable, HQL parser will be used.
00:24:28.757 [main] WARN  o.s.b.a.o.j.JpaBaseConfiguration$JpaWebConfiguration - spring.jpa.open-in-view is enabled by default. Therefore, database queries may be performed during view rendering. Explicitly configure spring.jpa.open-in-view to disable this warning
00:24:28.895 [main] INFO  o.s.s.web.DefaultSecurityFilterChain - Will secure any request with [org.springframework.security.web.session.DisableEncodeUrlFilter@3c7b89ae, org.springframework.security.web.context.request.async.WebAsyncManagerIntegrationFilter@1723640f, org.springframework.security.web.context.SecurityContextHolderFilter@7b81283, org.springframework.security.web.header.HeaderWriterFilter@271fdeaf, org.springframework.security.web.authentication.logout.LogoutFilter@3c20af2, org.springframework.security.web.authentication.UsernamePasswordAuthenticationFilter@e08853d, org.springframework.security.web.authentication.ui.DefaultLoginPageGeneratingFilter@3dbcdd4a, org.springframework.security.web.authentication.ui.DefaultLogoutPageGeneratingFilter@5dc83abb, org.springframework.security.web.savedrequest.RequestCacheAwareFilter@5c5812c, org.springframework.security.web.servletapi.SecurityContextHolderAwareRequestFilter@1d2cffea, org.springframework.security.web.authentication.AnonymousAuthenticationFilter@22876aea, org.springframework.security.web.access.ExceptionTranslationFilter@6c6c7ee5, org.springframework.security.web.access.intercept.AuthorizationFilter@7efaa137]
00:24:29.778 [main] INFO  o.a.coyote.http11.Http11NioProtocol - Starting ProtocolHandler ["http-nio-8080"]
00:24:29.796 [main] INFO  o.s.b.w.e.tomcat.TomcatWebServer - Tomcat started on port(s): 8080 (http) with context path ''
00:24:29.806 [main] INFO  o.r.s.c.A.AuctionSystemApplication - Started AuctionSystemApplication in 6.414 seconds (process running for 7.427)
00:24:42.521 [http-nio-8080-exec-1] INFO  o.a.c.c.C.[Tomcat].[localhost].[/] - Initializing Spring DispatcherServlet 'dispatcherServlet'
00:24:42.521 [http-nio-8080-exec-1] INFO  o.s.web.servlet.DispatcherServlet - Initializing Servlet 'dispatcherServlet'
00:24:42.524 [http-nio-8080-exec-1] INFO  o.s.web.servlet.DispatcherServlet - Completed initialization in 2 ms
00:24:48.567 [http-nio-8080-exec-1] INFO  o.s.api.AbstractOpenApiResource - Init duration for springdoc-openapi is: 234 ms
00:25:15.560 [http-nio-8080-exec-2] INFO  o.r.s.c.A.controller.AdminController - create new Lot
00:25:15.661 [http-nio-8080-exec-2] INFO  o.r.s.c.A.service.LotServiceImpl - create new lot
00:25:40.177 [http-nio-8080-exec-8] INFO  o.r.s.c.A.controller.AdminController - create new Lot
00:25:40.221 [http-nio-8080-exec-8] INFO  o.r.s.c.A.service.LotServiceImpl - create new lot
00:26:04.741 [http-nio-8080-exec-7] INFO  o.r.s.c.A.controller.AdminController - create new Lot
00:26:04.744 [http-nio-8080-exec-7] INFO  o.r.s.c.A.service.LotServiceImpl - create new lot
00:26:13.950 [http-nio-8080-exec-9] ERROR o.r.s.c.A.e.AuctionSystemExceptionHandler - Forbidden
00:26:27.120 [http-nio-8080-exec-10] INFO  o.r.s.c.A.controller.AdminController - stop auction by lot id=1
00:26:27.235 [http-nio-8080-exec-10] INFO  o.r.s.c.A.service.LotServiceImpl - Lot with id=1 stopped
00:26:55.349 [SpringApplicationShutdownHook] INFO  o.s.o.j.LocalContainerEntityManagerFactoryBean - Closing JPA EntityManagerFactory for persistence unit 'default'
00:26:55.352 [SpringApplicationShutdownHook] INFO  com.zaxxer.hikari.HikariDataSource - HikariPool-1 - Shutdown initiated...
00:26:55.355 [SpringApplicationShutdownHook] INFO  com.zaxxer.hikari.HikariDataSource - HikariPool-1 - Shutdown completed.
00:27:21.556 [background-preinit] INFO  o.h.validator.internal.util.Version - HV000001: Hibernate Validator 8.0.0.Final
00:27:21.600 [main] INFO  o.r.s.c.A.AuctionSystemApplication - Starting AuctionSystemApplication using Java 17.0.7 with PID 59600 (/Users/solnechnaya/Documents/SkyPro_Разработчик_Java/Блок 4. Spring/AuctionSystem/target/classes started by solnechnaya in /Users/solnechnaya/Documents/SkyPro_Разработчик_Java/Блок 4. Spring/AuctionSystem)
00:27:21.601 [main] INFO  o.r.s.c.A.AuctionSystemApplication - No active profile set, falling back to 1 default profile: "default"
00:27:22.343 [main] INFO  o.s.d.r.c.RepositoryConfigurationDelegate - Multiple Spring Data modules found, entering strict repository configuration mode
00:27:22.344 [main] INFO  o.s.d.r.c.RepositoryConfigurationDelegate - Bootstrapping Spring Data JDBC repositories in DEFAULT mode.
00:27:22.384 [main] INFO  o.s.d.r.c.RepositoryConfigurationExtensionSupport - Spring Data JDBC - Could not safely identify store assignment for repository candidate interface org.ru.skypro.coursework.AuctionSystem.repository.BidRepository; If you want this repository to be a JDBC repository, consider annotating your entities with one of these annotations: org.springframework.data.relational.core.mapping.Table.
00:27:22.386 [main] INFO  o.s.d.r.c.RepositoryConfigurationExtensionSupport - Spring Data JDBC - Could not safely identify store assignment for repository candidate interface org.ru.skypro.coursework.AuctionSystem.repository.BidderRepository; If you want this repository to be a JDBC repository, consider annotating your entities with one of these annotations: org.springframework.data.relational.core.mapping.Table.
00:27:22.387 [main] INFO  o.s.d.r.c.RepositoryConfigurationExtensionSupport - Spring Data JDBC - Could not safely identify store assignment for repository candidate interface org.ru.skypro.coursework.AuctionSystem.repository.LotRepository; If you want this repository to be a JDBC repository, consider annotating your entities with one of these annotations: org.springframework.data.relational.core.mapping.Table.
00:27:22.388 [main] INFO  o.s.d.r.c.RepositoryConfigurationExtensionSupport - Spring Data JDBC - Could not safely identify store assignment for repository candidate interface org.ru.skypro.coursework.AuctionSystem.repository.ReportRepository; If you want this repository to be a JDBC repository, consider annotating your entities with one of these annotations: org.springframework.data.relational.core.mapping.Table.
00:27:22.389 [main] INFO  o.s.d.r.c.RepositoryConfigurationExtensionSupport - Spring Data JDBC - Could not safely identify store assignment for repository candidate interface org.ru.skypro.coursework.AuctionSystem.security.UserRepository; If you want this repository to be a JDBC repository, consider annotating your entities with one of these annotations: org.springframework.data.relational.core.mapping.Table.
00:27:22.389 [main] INFO  o.s.d.r.c.RepositoryConfigurationDelegate - Finished Spring Data repository scanning in 42 ms. Found 0 JDBC repository interfaces.
00:27:22.397 [main] INFO  o.s.d.r.c.RepositoryConfigurationDelegate - Multiple Spring Data modules found, entering strict repository configuration mode
00:27:22.398 [main] INFO  o.s.d.r.c.RepositoryConfigurationDelegate - Bootstrapping Spring Data JPA repositories in DEFAULT mode.
00:27:22.438 [main] INFO  o.s.d.r.c.RepositoryConfigurationDelegate - Finished Spring Data repository scanning in 35 ms. Found 5 JPA repository interfaces.
00:27:22.951 [main] INFO  o.s.b.w.e.tomcat.TomcatWebServer - Tomcat initialized with port(s): 8080 (http)
00:27:22.960 [main] INFO  o.a.coyote.http11.Http11NioProtocol - Initializing ProtocolHandler ["http-nio-8080"]
00:27:22.962 [main] INFO  o.a.catalina.core.StandardService - Starting service [Tomcat]
00:27:22.962 [main] INFO  o.a.catalina.core.StandardEngine - Starting Servlet engine: [Apache Tomcat/10.1.10]
00:27:23.053 [main] INFO  o.a.c.c.C.[Tomcat].[localhost].[/] - Initializing Spring embedded WebApplicationContext
00:27:23.056 [main] INFO  o.s.b.w.s.c.ServletWebServerApplicationContext - Root WebApplicationContext: initialization completed in 1415 ms
00:27:23.196 [main] INFO  com.zaxxer.hikari.HikariDataSource - HikariPool-1 - Starting...
00:27:23.363 [main] INFO  com.zaxxer.hikari.pool.HikariPool - HikariPool-1 - Added connection org.postgresql.jdbc.PgConnection@4be490da
00:27:23.365 [main] INFO  com.zaxxer.hikari.HikariDataSource - HikariPool-1 - Start completed.
00:27:23.518 [main] INFO  liquibase.database - Set default schema name to public
00:27:23.736 [main] INFO  liquibase.changelog - Reading from public.databasechangelog
00:27:23.743 [main] INFO  liquibase.executor - Changelog query completed.
00:27:23.842 [main] INFO  o.h.jpa.internal.util.LogHelper - HHH000204: Processing PersistenceUnitInfo [name: default]
00:27:23.909 [main] INFO  org.hibernate.Version - HHH000412: Hibernate ORM core version 6.2.5.Final
00:27:23.912 [main] INFO  org.hibernate.cfg.Environment - HHH000406: Using bytecode reflection optimizer
00:27:24.079 [main] INFO  o.h.b.i.BytecodeProviderInitiator - HHH000021: Bytecode provider name : bytebuddy
00:27:24.241 [main] INFO  o.s.o.j.p.SpringPersistenceUnitInfo - No LoadTimeWeaver setup: ignoring JPA class transformer
00:27:24.557 [main] INFO  o.h.b.i.BytecodeProviderInitiator - HHH000021: Bytecode provider name : bytebuddy
00:27:25.386 [main] INFO  o.h.e.t.j.p.i.JtaPlatformInitiator - HHH000490: Using JtaPlatform implementation: [org.hibernate.engine.transaction.jta.platform.internal.NoJtaPlatform]
00:27:25.475 [main] INFO  o.s.o.j.LocalContainerEntityManagerFactoryBean - Initialized JPA EntityManagerFactory for persistence unit 'default'
00:27:25.804 [main] INFO  o.s.d.j.r.query.QueryEnhancerFactory - Hibernate is in classpath; If applicable, HQL parser will be used.
00:27:26.443 [main] WARN  o.s.b.a.o.j.JpaBaseConfiguration$JpaWebConfiguration - spring.jpa.open-in-view is enabled by default. Therefore, database queries may be performed during view rendering. Explicitly configure spring.jpa.open-in-view to disable this warning
00:27:26.567 [main] INFO  o.s.s.web.DefaultSecurityFilterChain - Will secure any request with [org.springframework.security.web.session.DisableEncodeUrlFilter@5f18f8a1, org.springframework.security.web.context.request.async.WebAsyncManagerIntegrationFilter@26d63c94, org.springframework.security.web.context.SecurityContextHolderFilter@207283b4, org.springframework.security.web.header.HeaderWriterFilter@3a4e3343, org.springframework.security.web.authentication.logout.LogoutFilter@19ad99fa, org.springframework.security.web.authentication.UsernamePasswordAuthenticationFilter@2c289a9e, org.springframework.security.web.authentication.ui.DefaultLoginPageGeneratingFilter@93231b2, org.springframework.security.web.authentication.ui.DefaultLogoutPageGeneratingFilter@4e42beba, org.springframework.security.web.savedrequest.RequestCacheAwareFilter@c8d0ea3, org.springframework.security.web.servletapi.SecurityContextHolderAwareRequestFilter@59fe8d94, org.springframework.security.web.authentication.AnonymousAuthenticationFilter@73021987, org.springframework.security.web.access.ExceptionTranslationFilter@6bcc277a, org.springframework.security.web.access.intercept.AuthorizationFilter@6d7298be]
00:27:27.361 [main] INFO  o.a.coyote.http11.Http11NioProtocol - Starting ProtocolHandler ["http-nio-8080"]
00:27:27.379 [main] INFO  o.s.b.w.e.tomcat.TomcatWebServer - Tomcat started on port(s): 8080 (http) with context path ''
00:27:27.391 [main] INFO  o.r.s.c.A.AuctionSystemApplication - Started AuctionSystemApplication in 6.127 seconds (process running for 7.03)
00:27:35.227 [http-nio-8080-exec-1] INFO  o.a.c.c.C.[Tomcat].[localhost].[/] - Initializing Spring DispatcherServlet 'dispatcherServlet'
00:27:35.228 [http-nio-8080-exec-1] INFO  o.s.web.servlet.DispatcherServlet - Initializing Servlet 'dispatcherServlet'
00:27:35.230 [http-nio-8080-exec-1] INFO  o.s.web.servlet.DispatcherServlet - Completed initialization in 1 ms
00:27:46.916 [http-nio-8080-exec-3] INFO  o.s.api.AbstractOpenApiResource - Init duration for springdoc-openapi is: 225 ms
00:28:13.799 [http-nio-8080-exec-4] INFO  o.r.s.c.A.controller.AdminController - create new Lot
00:28:13.899 [http-nio-8080-exec-4] INFO  o.r.s.c.A.service.LotServiceImpl - create new lot
00:28:45.895 [http-nio-8080-exec-10] INFO  o.r.s.c.A.controller.AdminController - start auction by lot id=3
00:28:53.498 [http-nio-8080-exec-9] INFO  o.r.s.c.A.controller.AdminController - get full information about the lot id=3
00:28:53.498 [http-nio-8080-exec-9] INFO  o.r.s.c.A.service.LotServiceImpl - find All LotFullInfo by lot id=3
00:29:05.334 [http-nio-8080-exec-1] INFO  o.r.s.c.A.controller.AdminController - export All Lot to CSV file
00:29:05.390 [http-nio-8080-exec-1] INFO  o.r.s.c.A.service.ReportServiceImpl - Report with report_id=2 saved to the database
00:29:05.392 [http-nio-8080-exec-1] INFO  o.r.s.c.A.service.ReportServiceImpl - The file exists=true. File name=Lot_report_as_2023-07-12T00:29:05.344318.csv
00:29:45.930 [http-nio-8080-exec-3] INFO  o.r.s.c.A.controller.UserController - create new Bid by lot id=5
00:29:45.934 [http-nio-8080-exec-3] ERROR o.r.s.c.A.service.BidServiceImpl - Incorrect lot status
00:29:45.936 [http-nio-8080-exec-3] ERROR o.r.s.c.A.e.AuctionSystemExceptionHandler - Forbidden
00:30:05.033 [http-nio-8080-exec-4] INFO  o.r.s.c.A.controller.UserController - create new Bid by lot id=1
00:30:05.040 [http-nio-8080-exec-4] ERROR o.r.s.c.A.service.BidServiceImpl - Incorrect lot status
00:30:05.040 [http-nio-8080-exec-4] ERROR o.r.s.c.A.e.AuctionSystemExceptionHandler - Forbidden
00:30:09.264 [http-nio-8080-exec-8] INFO  o.r.s.c.A.controller.UserController - create new Bid by lot id=3
00:30:09.367 [http-nio-8080-exec-8] INFO  o.r.s.c.A.service.BidServiceImpl - create new bid by lot id=3
00:30:09.422 [http-nio-8080-exec-8] INFO  o.r.s.c.A.service.BidServiceImpl - update lot id=3
00:30:10.739 [http-nio-8080-exec-7] INFO  o.r.s.c.A.controller.UserController - create new Bid by lot id=3
00:30:10.789 [http-nio-8080-exec-7] INFO  o.r.s.c.A.service.BidServiceImpl - create new bid by lot id=3
00:30:10.829 [http-nio-8080-exec-7] INFO  o.r.s.c.A.service.BidServiceImpl - update lot id=3
00:30:11.390 [http-nio-8080-exec-5] INFO  o.r.s.c.A.controller.UserController - create new Bid by lot id=3
00:30:11.439 [http-nio-8080-exec-5] INFO  o.r.s.c.A.service.BidServiceImpl - create new bid by lot id=3
00:30:11.445 [http-nio-8080-exec-5] INFO  o.r.s.c.A.service.BidServiceImpl - update lot id=3
00:30:11.999 [http-nio-8080-exec-6] INFO  o.r.s.c.A.controller.UserController - create new Bid by lot id=3
00:30:12.050 [http-nio-8080-exec-6] INFO  o.r.s.c.A.service.BidServiceImpl - create new bid by lot id=3
00:30:12.055 [http-nio-8080-exec-6] INFO  o.r.s.c.A.service.BidServiceImpl - update lot id=3
00:30:12.620 [http-nio-8080-exec-10] INFO  o.r.s.c.A.controller.UserController - create new Bid by lot id=3
00:30:12.660 [http-nio-8080-exec-10] INFO  o.r.s.c.A.service.BidServiceImpl - create new bid by lot id=3
00:30:12.665 [http-nio-8080-exec-10] INFO  o.r.s.c.A.service.BidServiceImpl - update lot id=3
00:30:13.194 [http-nio-8080-exec-9] INFO  o.r.s.c.A.controller.UserController - create new Bid by lot id=3
00:30:13.232 [http-nio-8080-exec-9] INFO  o.r.s.c.A.service.BidServiceImpl - create new bid by lot id=3
00:30:13.399 [http-nio-8080-exec-9] INFO  o.r.s.c.A.service.BidServiceImpl - update lot id=3
00:30:31.478 [http-nio-8080-exec-1] INFO  o.r.s.c.A.controller.UserController - find Lots by Status=скуфеув
00:30:31.478 [http-nio-8080-exec-1] INFO  o.r.s.c.A.service.LotServiceImpl - find All LotInfoForUser By Status=скуфеув
00:30:43.229 [http-nio-8080-exec-2] INFO  o.r.s.c.A.controller.UserController - find Lots by Status=created
00:30:43.230 [http-nio-8080-exec-2] INFO  o.r.s.c.A.service.LotServiceImpl - find All LotInfoForUser By Status=created
00:30:51.869 [http-nio-8080-exec-3] INFO  o.r.s.c.A.controller.UserController - find Lots by Status=stopped
00:30:51.870 [http-nio-8080-exec-3] INFO  o.r.s.c.A.service.LotServiceImpl - find All LotInfoForUser By Status=stopped
00:30:58.680 [http-nio-8080-exec-4] INFO  o.r.s.c.A.controller.UserController - find Lots by Status=started
00:30:58.681 [http-nio-8080-exec-4] INFO  o.r.s.c.A.service.LotServiceImpl - find All LotInfoForUser By Status=started
00:31:34.722 [http-nio-8080-exec-8] INFO  o.r.s.c.A.controller.AdminController - get the most frequent bidder by lot id=2
00:31:34.723 [http-nio-8080-exec-8] INFO  o.r.s.c.A.service.BidServiceImpl - get Most Frequent Bidder
00:31:39.716 [http-nio-8080-exec-7] INFO  o.r.s.c.A.controller.AdminController - get the most frequent bidder by lot id=3
00:31:39.716 [http-nio-8080-exec-7] INFO  o.r.s.c.A.service.BidServiceImpl - get Most Frequent Bidder
00:31:54.955 [http-nio-8080-exec-5] INFO  o.r.s.c.A.service.BidServiceImpl - get First Bid
00:31:54.966 [http-nio-8080-exec-5] INFO  o.r.s.c.A.controller.AdminController - get First Bid by lot id=1
00:32:01.463 [http-nio-8080-exec-6] INFO  o.r.s.c.A.service.BidServiceImpl - get First Bid
00:32:01.466 [http-nio-8080-exec-6] INFO  o.r.s.c.A.controller.AdminController - get First Bid by lot id=5
00:32:01.467 [http-nio-8080-exec-6] ERROR o.r.s.c.A.e.AuctionSystemExceptionHandler - Null Pointer Exception
00:32:08.577 [http-nio-8080-exec-10] INFO  o.r.s.c.A.service.BidServiceImpl - get First Bid
00:32:08.583 [http-nio-8080-exec-10] INFO  o.r.s.c.A.controller.AdminController - get First Bid by lot id=3
00:32:30.204 [http-nio-8080-exec-9] INFO  o.r.s.c.A.controller.AdminController - export All Lot to CSV file
00:32:30.252 [http-nio-8080-exec-9] INFO  o.r.s.c.A.service.ReportServiceImpl - Report with report_id=3 saved to the database
00:32:30.252 [http-nio-8080-exec-9] INFO  o.r.s.c.A.service.ReportServiceImpl - The file exists=true. File name=Lot_report_as_2023-07-12T00:32:30.207094.csv
00:33:19.239 [SpringApplicationShutdownHook] INFO  o.s.o.j.LocalContainerEntityManagerFactoryBean - Closing JPA EntityManagerFactory for persistence unit 'default'
00:33:19.242 [SpringApplicationShutdownHook] INFO  com.zaxxer.hikari.HikariDataSource - HikariPool-1 - Shutdown initiated...
00:33:19.244 [SpringApplicationShutdownHook] INFO  com.zaxxer.hikari.HikariDataSource - HikariPool-1 - Shutdown completed.
